[2019-06-12 15:27:40 $3416.0]	INFO	Server is reloading all workers now
Slimxy http server is started at http://0.0.0.0:8888
[2019-06-12 16:18:24 $7891.0]	INFO	Server is reloading all workers now
[2019-06-12 16:18:35 $7891.0]	INFO	Server is reloading all workers now
[2019-06-12 16:18:38 $7891.0]	INFO	Server is reloading all workers now
[2019-06-12 16:19:29 $8766.0]	INFO	Server is reloading all workers now
[2019-06-12 16:19:54 $8766.0]	INFO	Server is reloading all workers now
[2019-06-12 16:30:02 $8766.0]	WARNING	swManager_loop: cannot reload task workers, task workers is not started
[2019-06-12 16:30:05 $8766.0]	WARNING	swManager_loop: cannot reload task workers, task workers is not started
[2019-06-12 16:30:13 $8766.0]	WARNING	swManager_loop: cannot reload task workers, task workers is not started
[2019-06-12 18:26:13 $30946.0]	INFO	Server is reloading all workers now
[2019-06-12 18:26:32 $30946.0]	INFO	Server is reloading all workers now
[2019-06-12 18:26:36 $30946.0]	INFO	Server is reloading all workers now
[2019-06-12 18:27:09 $30946.0]	INFO	Server is reloading all workers now
[2019-06-12 18:27:21 $30946.0]	INFO	Server is reloading all workers now
[2019-06-12 18:27:26 $30946.0]	INFO	Server is reloading all workers now
[2019-06-12 23:38:29 $28699.0]	INFO	Server is reloading all workers now
[2019-06-12 23:38:39 $28699.0]	INFO	Server is reloading all workers now
[2019-06-12 23:38:58 $28699.0]	INFO	Server is reloading all workers now
[2019-06-12 23:40:42 #33204.2]	WARNING	swServer_signal_handler: Fatal Error: manager process exit. status=0, signal=[Bad system call: 12]
[2019-06-12 23:42:09 $34651.0]	INFO	Server is reloading all workers now
[2019-06-12 23:42:18 $34651.0]	INFO	Server is reloading all workers now
[2019-06-12 23:43:09 $34651.0]	INFO	Server is reloading all workers now
[2019-06-12 23:43:15 $34651.0]	INFO	Server is reloading all workers now
[2019-06-12 23:43:18 $34651.0]	INFO	Server is reloading all workers now
[2019-06-12 23:47:46 $34651.0]	INFO	Server is reloading all workers now
[2019-06-12 23:48:06 #34646.2]	INFO	Server is shutdown now
[2019-06-12 23:48:57 #39152.2]	INFO	Server is shutdown now
[2019-06-12 23:49:48 #39605.2]	INFO	Server is shutdown now
[2019-06-12 23:50:14 #39963.2]	INFO	Server is shutdown now
[2019-06-12 23:52:08 #41055.2]	INFO	Server is shutdown now
[2019-06-12 23:55:07 #42704.2]	INFO	Server is shutdown now
[2019-06-12 23:56:08 #43448.2]	INFO	Server is shutdown now
[2019-06-13 09:24:59 #52867.2]	INFO	Server is shutdown now
[2019-06-13 09:25:34 #53315.2]	INFO	Server is shutdown now
[2019-06-13 09:25:46 $53483.0]	INFO	Server is reloading all workers now
[2019-06-13 09:25:51 #53482.2]	INFO	Server is shutdown now
